PIN success -1234 is matched at Tue Nov 15 18:45:25 IST 2022
PIN success -1234 is matched at Tue Nov 15 18:50:16 IST 2022
PIN success -1234 is matched at Tue Nov 15 18:50:22 IST 2022
PIN success -1234 is matched at Tue Nov 15 18:50:29 IST 2022
failed input pin:1234 is not matched
PIN success -1234 is matched at Tue Nov 15 18:53:31 IST 2022
failed input pin:1234 is not matched
failed input pin:1234 is not matched
failed input pin:1234 is not matched
PIN success -1234 is matched at Tue Nov 15 18:53:50 IST 2022
failed input pin:1234 is not matched
failed input pin:1234 is not matched
failed input pin:1234 is not matched
failed input pin:12345 is not matched
failed input pin:123 is not matched
failed input pin:567 is not matched
failed input pin:123456 is not matched
failed input pin:7888 is not matched
failed input pin:76655 is not matched
failed input pin:12345 is not matched
failed input pin:5555 is not matched
failed input pin:666 is not matched
failed input pin:55 is not matched
failed input pin:66 is not matched
failed input pin:77 is not matched
PIN success -1234 is matched at Tue Nov 15 18:56:58 IST 2022
failed input pin:12345 is not matched
PIN success -1234 is matched at Tue Nov 15 18:57:04 IST 2022
PIN success -1234 is matched at Tue Nov 15 18:57:09 IST 2022
failed input pin:12345 is not matched
failed input pin:5678 is not matched
PIN success -1234 is matched at Tue Nov 15 18:57:15 IST 2022
failed input pin:123 is not matched
PIN success -1234 is matched at Tue Nov 15 19:04:41 IST 2022
failed input pin:12345 is not matched
failed input pin:12345 is not matched
failed input pin:23456789 is not matched
Sorry pin is blocked
failed input pin:12345 is not matched
PIN success -1234 is matched at Tue Nov 15 19:04:56 IST 2022
failed input pin:3444 is not matched
failed input pin:444 is not matched
failed input pin:555 is not matched
Sorry pin is blocked
failed input pin:12 is not matched
failed input pin:123 is not matched
failed input pin:4555 is not matched
failed input pin:55 is not matched
failed input pin:44 is not matched
failed input pin:33 is not matched
failed input pin:345 is not matched
failed input pin:222 is not matched
failed input pin:33 is not matched
failed input pin:`12 is not matched
failed input pin:[A is not matched
failed input pin:[A[A is not matched
failed input pin:1 is not matched
failed input pin:2 is not matched
PIN success -1234 is matched at Tue Nov 15 19:07:56 IST 2022
