Loaded plugins: lxc-patch
Resolving Dependencies
--> Running transaction check
---> Package expect.x86_64 0:5.45-14.el7_1 will be installed
--> Finished Dependency Resolution

Dependencies Resolved

================================================================================
 Package        Arch           Version                 Repository          Size
================================================================================
Installing:
 expect         x86_64         5.45-14.el7_1           ol7_latest         262 k

Transaction Summary
================================================================================
Install  1 Package

Total download size: 262 k
Installed size: 566 k
Downloading packages:
Running transaction check
Running transaction test
Transaction test succeeded
Running transaction
  Installing : expect-5.45-14.el7_1.x86_64                                  1/1 
lxc-patch: checking if updated pkgs need patching...
  Verifying  : expect-5.45-14.el7_1.x86_64                                  1/1 

Installed:
  expect.x86_64 0:5.45-14.el7_1                                                 

Complete!
